<?xml version="1.0" encoding="UTF-8"?>
<testng-results ignored="0" total="4" passed="3" failed="1" skipped="0">
  <reporter-output>
  </reporter-output>
  <suite started-at="2022-11-10T08:19:07Z" name="Default suite" finished-at="2022-11-10T08:20:11Z" duration-ms="64749">
    <groups>
    </groups>
    <test started-at="2022-11-10T08:19:07Z" name="Default test" finished-at="2022-11-10T08:20:11Z" duration-ms="64749">
      <class name="org.com.amazon.Amazon">
        <test-method is-config="true" signature="login()[pri:0, instance:org.com.amazon.Amazon@37e4d7bb]" started-at="2022-11-10T08:19:07Z" name="login" finished-at="2022-11-10T08:19:37Z" duration-ms="30628" status="PASS">
          <reporter-output>
          </reporter-output>
        </test-method> <!-- login -->
        <test-method signature="login()[pri:1, instance:org.com.amazon.Amazon@37e4d7bb]" started-at="2022-11-10T08:19:37Z" name="login" finished-at="2022-11-10T08:20:06Z" duration-ms="28716" status="PASS">
          <reporter-output>
          </reporter-output>
        </test-method> <!-- login -->
        <test-method signature="script()[pri:2, instance:org.com.amazon.Amazon@37e4d7bb]" started-at="2022-11-10T08:20:06Z" name="script" finished-at="2022-11-10T08:20:11Z" duration-ms="4731" status="FAIL">
          <exception class="java.io.FileNotFoundException">
            <message>
              <![CDATA[C:\Users\Dharani\eclipse-workspace\Testng\target\sheet 1.xlsx (The system cannot find the path specified)]]>
            </message>
            <full-stacktrace>
              <![CDATA[java.io.FileNotFoundException: C:\Users\Dharani\eclipse-workspace\Testng\target\sheet 1.xlsx (The system cannot find the path specified)
at java.base/java.io.FileOutputStream.open0(Native Method)
at java.base/java.io.FileOutputStream.open(FileOutputStream.java:293)
at java.base/java.io.FileOutputStream.<init>(FileOutputStream.java:235)
at java.base/java.io.FileOutputStream.<init>(FileOutputStream.java:184)
at org.com.amazon.Amazon.script(Amazon.java:56)
at java.base/jdk.internal.reflect.NativeMethodAccessorImpl.invoke0(Native Method)
at java.base/jdk.internal.reflect.NativeMethodAccessorImpl.invoke(NativeMethodAccessorImpl.java:77)
at java.base/jdk.internal.reflect.DelegatingMethodAccessorImpl.invoke(DelegatingMethodAccessorImpl.java:43)
at java.base/java.lang.reflect.Method.invoke(Method.java:568)
at org.testng.internal.MethodInvocationHelper.invokeMethod(MethodInvocationHelper.java:124)
at org.testng.internal.Invoker.invokeMethod(Invoker.java:583)
at org.testng.internal.Invoker.invokeTestMethod(Invoker.java:719)
at org.testng.internal.Invoker.invokeTestMethods(Invoker.java:989)
at org.testng.internal.TestMethodWorker.invokeTestMethods(TestMethodWorker.java:125)
at org.testng.internal.TestMethodWorker.run(TestMethodWorker.java:109)
at org.testng.TestRunner.privateRun(TestRunner.java:648)
at org.testng.TestRunner.run(TestRunner.java:505)
at org.testng.SuiteRunner.runTest(SuiteRunner.java:455)
at org.testng.SuiteRunner.runSequentially(SuiteRunner.java:450)
at org.testng.SuiteRunner.privateRun(SuiteRunner.java:415)
at org.testng.SuiteRunner.run(SuiteRunner.java:364)
at org.testng.SuiteRunnerWorker.runSuite(SuiteRunnerWorker.java:52)
at org.testng.SuiteRunnerWorker.run(SuiteRunnerWorker.java:84)
at org.testng.TestNG.runSuitesSequentially(TestNG.java:1208)
at org.testng.TestNG.runSuitesLocally(TestNG.java:1137)
at org.testng.TestNG.runSuites(TestNG.java:1049)
at org.testng.TestNG.run(TestNG.java:1017)
at org.testng.remote.AbstractRemoteTestNG.run(AbstractRemoteTestNG.java:115)
at org.testng.remote.RemoteTestNG.initAndRun(RemoteTestNG.java:251)
at org.testng.remote.RemoteTestNG.main(RemoteTestNG.java:77)
]]>
            </full-stacktrace>
          </exception> <!-- java.io.FileNotFoundException -->
          <reporter-output>
          </reporter-output>
        </test-method> <!-- script -->
        <test-method signature="windowshandle()[pri:3, instance:org.com.amazon.Amazon@37e4d7bb]" started-at="2022-11-10T08:20:11Z" name="windowshandle" finished-at="2022-11-10T08:20:11Z" duration-ms="318" status="PASS">
          <reporter-output>
          </reporter-output>
        </test-method> <!-- windowshandle -->
        <test-method signature="windowshandle()[pri:3, instance:org.com.amazon.Amazon@37e4d7bb]" started-at="2022-11-10T08:20:11Z" name="windowshandle" finished-at="2022-11-10T08:20:11Z" duration-ms="296" status="PASS">
          <reporter-output>
          </reporter-output>
        </test-method> <!-- windowshandle -->
      </class> <!-- org.com.amazon.Amazon -->
    </test> <!-- Default test -->
  </suite> <!-- Default suite -->
</testng-results>
